# JRE version: OpenJDK Runtime Environment (24.0.1+9) (build 24.0.1+9-30)
# Java VM: OpenJDK 64-Bit Server VM (24.0.1+9-30, mixed mode, sharing, tiered, compressed oops, compressed class ptrs, g1 gc, windows-amd64)
GC Precious Log:
 CardTable entry size: 512
 Card Set container configuration: InlinePtr #cards 4 size 8 Array Of Cards #cards 16 size 48 Howl #buckets 8 coarsen threshold 3686 Howl Bitmap #cards 512 size 80 coarsen threshold 460 Card regions per heap region 1 cards per card region 4096
 CPUs: 12 total, 12 available
 Memory: 16252M
 Large Page Support: Disabled
 NUMA Support: Disabled
 Compressed Oops: Enabled (Zero based)
 Heap Region Size: 2M
 Heap Min Capacity: 8M
 Heap Initial Capacity: 254M
 Heap Max Capacity: 4064M
 Pre-touch: Disabled
 Parallel Workers: 10
 Concurrent Workers: 3
 Concurrent Refinement Workers: 10
 Periodic GC: Disabled
Heap:
 garbage-first heap   total reserved 4161536K, committed 55296K, used 20309K [0x0000000702000000, 0x0000000800000000)
  region size 2048K, 4 young (8192K), 2 survivors (4096K)
 Metaspace       used 25601K, committed 25792K, reserved 1114112K
  class space    used 3174K, committed 3264K, reserved 1048576K
GC Heap History (8 events):
Event: 0.780 GC heap before
{Heap before GC invocations=0 (full 0):
 garbage-first heap   total reserved 4161536K, committed 262144K, used 48240K [0x0000000702000000, 0x0000000800000000)
  region size 2048K, 24 young (49152K), 0 survivors (0K)
 Metaspace       used 7394K, committed 7552K, reserved 1114112K
  class space    used 718K, committed 768K, reserved 1048576K
}
Event: 0.784 GC heap after
{Heap after GC invocations=1 (full 0):
 garbage-first heap   total reserved 4161536K, committed 262144K, used 6832K [0x0000000702000000, 0x0000000800000000)
  region size 2048K, 3 young (6144K), 3 survivors (6144K)
 Metaspace       used 7394K, committed 7552K, reserved 1114112K
  class space    used 718K, committed 768K, reserved 1048576K
}
Event: 2.836 GC heap before
{Heap before GC invocations=1 (full 0):
 garbage-first heap   total reserved 4161536K, committed 262144K, used 51888K [0x0000000702000000, 0x0000000800000000)
  region size 2048K, 27 young (55296K), 3 survivors (6144K)
 Metaspace       used 21313K, committed 21504K, reserved 1114112K
  class space    used 2627K, committed 2688K, reserved 1048576K
}
Event: 2.841 GC heap after
{Heap after GC invocations=2 (full 0):
 garbage-first heap   total reserved 4161536K, committed 262144K, used 11376K [0x0000000702000000, 0x0000000800000000)
  region size 2048K, 5 young (10240K), 5 survivors (10240K)
 Metaspace       used 21313K, committed 21504K, reserved 1114112K
  class space    used 2627K, committed 2688K, reserved 1048576K
}
Event: 15.655 GC heap before
{Heap before GC invocations=3 (full 0):
 garbage-first heap   total reserved 4161536K, committed 40960K, used 40048K [0x0000000702000000, 0x0000000800000000)
  region size 2048K, 18 young (36864K), 5 survivors (10240K)
 Metaspace       used 24508K, committed 24704K, reserved 1114112K
  class space    used 3137K, committed 3200K, reserved 1048576K
}
Event: 15.662 GC heap after
{Heap after GC invocations=4 (full 0):
 garbage-first heap   total reserved 4161536K, committed 55296K, used 16227K [0x0000000702000000, 0x0000000800000000)
  region size 2048K, 7 young (14336K), 7 survivors (14336K)
 Metaspace       used 24508K, committed 24704K, reserved 1114112K
  class space    used 3137K, committed 3200K, reserved 1048576K
}
Event: 172.026 GC heap before
{Heap before GC invocations=4 (full 0):
 garbage-first heap   total reserved 4161536K, committed 55296K, used 34659K [0x0000000702000000, 0x0000000800000000)
  region size 2048K, 16 young (32768K), 7 survivors (14336K)
 Metaspace       used 25577K, committed 25792K, reserved 1114112K
  class space    used 3174K, committed 3264K, reserved 1048576K
}
Event: 172.034 GC heap after
{Heap after GC invocations=5 (full 0):
 garbage-first heap   total reserved 4161536K, committed 55296K, used 18261K [0x0000000702000000, 0x0000000800000000)
  region size 2048K, 2 young (4096K), 2 survivors (4096K)
 Metaspace       used 25577K, committed 25792K, reserved 1114112K
  class space    used 3174K, committed 3264K, reserved 1048576K
}

